=== Job Info ===
Job ID: 2973873
Node:   fc024
GPU:    NVIDIA A100-PCIE-40GB, 40960 MiB
Python: Python 3.12.3
PyTorch CUDA: available=True, device=NVIDIA A100-PCIE-40GB
================
Step 1: Preparing BC5CDR dataset...
Processed dataset already exists at /scratch/user/vinaysingh/Cognitive-Bridge/training/data/bc5cdr_processed, skipping preparation.
Delete the directory to re-prepare: rm -rf /scratch/user/vinaysingh/Cognitive-Bridge/training/data/bc5cdr_processed
Step 2: Fine-tuning DistilBERT NER...
Loading dataset from /scratch/user/vinaysingh/Cognitive-Bridge/training/data/bc5cdr_processed...
  train: 1000 examples
  validation: 1000 examples
  test: 1000 examples

Loading tokenizer: nlpie/distil-biobert
Tokenizing dataset...
Loading model: nlpie/distil-biobert

Starting training (early stopping patience=5)...
{'loss': 1.4769, 'grad_norm': 4.646701335906982, 'learning_rate': 6.20253164556962e-06, 'epoch': 0.79}
{'eval_loss': 0.9248654842376709, 'eval_precision': 0.0, 'eval_recall': 0.0, 'eval_f1': 0.0, 'eval_accuracy': 0.7319639779171142, 'eval_runtime': 3.8422, 'eval_samples_per_second': 260.269, 'eval_steps_per_second': 8.329, 'epoch': 1.0}
{'loss': 0.8491, 'grad_norm': 0.9897370338439941, 'learning_rate': 1.2531645569620255e-05, 'epoch': 1.59}
{'eval_loss': 0.37538444995880127, 'eval_precision': 0.346259220231823, 'eval_recall': 0.3517824644042394, 'eval_f1': 0.34899899102543674, 'eval_accuracy': 0.8684831755389573, 'eval_runtime': 2.9641, 'eval_samples_per_second': 337.372, 'eval_steps_per_second': 10.796, 'epoch': 2.0}
{'loss': 0.432, 'grad_norm': 1.348191499710083, 'learning_rate': 1.886075949367089e-05, 'epoch': 2.38}
{'eval_loss': 0.20264394581317902, 'eval_precision': 0.5480510149092869, 'eval_recall': 0.6532491167969168, 'eval_f1': 0.5960439560439561, 'eval_accuracy': 0.9319277559891085, 'eval_runtime': 3.0274, 'eval_samples_per_second': 330.318, 'eval_steps_per_second': 10.57, 'epoch': 3.0}
{'loss': 0.2487, 'grad_norm': 1.1142919063568115, 'learning_rate': 1.942131263232181e-05, 'epoch': 3.17}
{'loss': 0.1748, 'grad_norm': 0.9265483617782593, 'learning_rate': 1.8715596330275232e-05, 'epoch': 3.97}
{'eval_loss': 0.15399962663650513, 'eval_precision': 0.6450909780136467, 'eval_recall': 0.7287228348142597, 'eval_f1': 0.6843613331322576, 'eval_accuracy': 0.9468786690315006, 'eval_runtime': 3.0011, 'eval_samples_per_second': 333.207, 'eval_steps_per_second': 10.663, 'epoch': 4.0}
{'loss': 0.1377, 'grad_norm': 1.8812708854675293, 'learning_rate': 1.8009880028228654e-05, 'epoch': 4.76}
{'eval_loss': 0.14756640791893005, 'eval_precision': 0.6610334454078924, 'eval_recall': 0.7998073011454876, 'eval_f1': 0.7238289008380565, 'eval_accuracy': 0.9488458944318153, 'eval_runtime': 3.0283, 'eval_samples_per_second': 330.216, 'eval_steps_per_second': 10.567, 'epoch': 5.0}
{'loss': 0.1177, 'grad_norm': 0.8334988355636597, 'learning_rate': 1.7304163726182076e-05, 'epoch': 5.56}
{'eval_loss': 0.1433447003364563, 'eval_precision': 0.6901344886722628, 'eval_recall': 0.8185419120008565, 'eval_f1': 0.748873653281097, 'eval_accuracy': 0.952274487272364, 'eval_runtime': 3.0084, 'eval_samples_per_second': 332.401, 'eval_steps_per_second': 10.637, 'epoch': 6.0}
{'loss': 0.0961, 'grad_norm': 0.8961039781570435, 'learning_rate': 1.65984474241355e-05, 'epoch': 6.35}
{'eval_loss': 0.14349263906478882, 'eval_precision': 0.7001805054151624, 'eval_recall': 0.8305320629482925, 'eval_f1': 0.7598060819744381, 'eval_accuracy': 0.9525805001124129, 'eval_runtime': 3.0309, 'eval_samples_per_second': 329.934, 'eval_steps_per_second': 10.558, 'epoch': 7.0}
{'loss': 0.0863, 'grad_norm': 0.6754886507987976, 'learning_rate': 1.5892731122088923e-05, 'epoch': 7.14}
{'loss': 0.0751, 'grad_norm': 0.9582408666610718, 'learning_rate': 1.5187014820042344e-05, 'epoch': 7.94}
{'eval_loss': 0.14190222322940826, 'eval_precision': 0.7161527841693511, 'eval_recall': 0.8329943260892838, 'eval_f1': 0.7701672770464218, 'eval_accuracy': 0.9546414029127426, 'eval_runtime': 3.0047, 'eval_samples_per_second': 332.809, 'eval_steps_per_second': 10.65, 'epoch': 8.0}
{'loss': 0.0615, 'grad_norm': 2.161905527114868, 'learning_rate': 1.4481298517995768e-05, 'epoch': 8.73}
{'eval_loss': 0.14675576984882355, 'eval_precision': 0.7343632958801498, 'eval_recall': 0.839631731078043, 'eval_f1': 0.783477348783777, 'eval_accuracy': 0.9561090155129774, 'eval_runtime': 2.9863, 'eval_samples_per_second': 334.866, 'eval_steps_per_second': 10.716, 'epoch': 9.0}
{'loss': 0.0583, 'grad_norm': 0.6703228950500488, 'learning_rate': 1.377558221594919e-05, 'epoch': 9.52}
{'eval_loss': 0.15147344768047333, 'eval_precision': 0.7299127853033958, 'eval_recall': 0.8422010491382079, 'eval_f1': 0.7820468214125951, 'eval_accuracy': 0.9559279058729485, 'eval_runtime': 2.9971, 'eval_samples_per_second': 333.657, 'eval_steps_per_second': 10.677, 'epoch': 10.0}
{'loss': 0.052, 'grad_norm': 0.818688154220581, 'learning_rate': 1.3069865913902613e-05, 'epoch': 10.32}
{'eval_loss': 0.15077847242355347, 'eval_precision': 0.7479425837320575, 'eval_recall': 0.8367412482603576, 'eval_f1': 0.7898539740285989, 'eval_accuracy': 0.9578888861132622, 'eval_runtime': 2.9777, 'eval_samples_per_second': 335.832, 'eval_steps_per_second': 10.747, 'epoch': 11.0}
{'loss': 0.0468, 'grad_norm': 0.7412444353103638, 'learning_rate': 1.2364149611856035e-05, 'epoch': 11.11}
{'loss': 0.0425, 'grad_norm': 0.4928298592567444, 'learning_rate': 1.1658433309809458e-05, 'epoch': 11.9}
{'eval_loss': 0.15895287692546844, 'eval_precision': 0.7419596110695588, 'eval_recall': 0.8495878385611819, 'eval_f1': 0.7921345510805011, 'eval_accuracy': 0.9569271314731084, 'eval_runtime': 2.969, 'eval_samples_per_second': 336.813, 'eval_steps_per_second': 10.778, 'epoch': 12.0}
{'loss': 0.0367, 'grad_norm': 0.7558226585388184, 'learning_rate': 1.0952717007762882e-05, 'epoch': 12.7}
{'eval_loss': 0.16101647913455963, 'eval_precision': 0.7564102564102564, 'eval_recall': 0.8463761909859758, 'eval_f1': 0.7988682867680494, 'eval_accuracy': 0.9575204216732033, 'eval_runtime': 2.9986, 'eval_samples_per_second': 333.489, 'eval_steps_per_second': 10.672, 'epoch': 13.0}
{'loss': 0.0362, 'grad_norm': 1.1275477409362793, 'learning_rate': 1.0247000705716303e-05, 'epoch': 13.49}
{'eval_loss': 0.16308102011680603, 'eval_precision': 0.7619735954514792, 'eval_recall': 0.8464832459051493, 'eval_f1': 0.802008317273557, 'eval_accuracy': 0.9584884214733581, 'eval_runtime': 2.9756, 'eval_samples_per_second': 336.071, 'eval_steps_per_second': 10.754, 'epoch': 14.0}
{'loss': 0.0341, 'grad_norm': 0.7499691247940063, 'learning_rate': 9.541284403669727e-06, 'epoch': 14.29}
{'eval_loss': 0.16486217081546783, 'eval_precision': 0.7633119063609326, 'eval_recall': 0.8517289369446526, 'eval_f1': 0.8051001821493624, 'eval_accuracy': 0.9588631310734181, 'eval_runtime': 2.9744, 'eval_samples_per_second': 336.207, 'eval_steps_per_second': 10.759, 'epoch': 15.0}
{'loss': 0.0313, 'grad_norm': 0.7288841009140015, 'learning_rate': 8.835568101623149e-06, 'epoch': 15.08}
{'loss': 0.0286, 'grad_norm': 0.6750896573066711, 'learning_rate': 8.129851799576572e-06, 'epoch': 15.87}
{'eval_loss': 0.17090098559856415, 'eval_precision': 0.7494608532583216, 'eval_recall': 0.8556899689540735, 'eval_f1': 0.7990602819154253, 'eval_accuracy': 0.9573518023531763, 'eval_runtime': 2.9855, 'eval_samples_per_second': 334.95, 'eval_steps_per_second': 10.718, 'epoch': 16.0}
{'loss': 0.0299, 'grad_norm': 0.49154746532440186, 'learning_rate': 7.424135497529994e-06, 'epoch': 16.67}
{'eval_loss': 0.1690724790096283, 'eval_precision': 0.7644226138880863, 'eval_recall': 0.8496948934803554, 'eval_f1': 0.8048063273169743, 'eval_accuracy': 0.9590692213534511, 'eval_runtime': 2.9759, 'eval_samples_per_second': 336.032, 'eval_steps_per_second': 10.753, 'epoch': 17.0}
{'loss': 0.0241, 'grad_norm': 0.6830317378044128, 'learning_rate': 6.718419195483416e-06, 'epoch': 17.46}
{'eval_loss': 0.1704593449831009, 'eval_precision': 0.7680362654320988, 'eval_recall': 0.8524783213788674, 'eval_f1': 0.8080572327363135, 'eval_accuracy': 0.9589130923534261, 'eval_runtime': 3.0033, 'eval_samples_per_second': 332.972, 'eval_steps_per_second': 10.655, 'epoch': 18.0}
{'loss': 0.0263, 'grad_norm': 0.7813284397125244, 'learning_rate': 6.012702893436839e-06, 'epoch': 18.25}
{'eval_loss': 0.17768816649913788, 'eval_precision': 0.7597495018502705, 'eval_recall': 0.8571887378225029, 'eval_f1': 0.805533199195171, 'eval_accuracy': 0.9582573505533212, 'eval_runtime': 2.9931, 'eval_samples_per_second': 334.107, 'eval_steps_per_second': 10.691, 'epoch': 19.0}
{'loss': 0.0242, 'grad_norm': 0.5663295388221741, 'learning_rate': 5.3069865913902615e-06, 'epoch': 19.05}
{'loss': 0.0241, 'grad_norm': 1.1993730068206787, 'learning_rate': 4.601270289343685e-06, 'epoch': 19.84}
{'eval_loss': 0.17533975839614868, 'eval_precision': 0.7707609115488606, 'eval_recall': 0.8545123648431645, 'eval_f1': 0.8104787531096105, 'eval_accuracy': 0.9592690664734831, 'eval_runtime': 3.0903, 'eval_samples_per_second': 323.596, 'eval_steps_per_second': 10.355, 'epoch': 20.0}
{'loss': 0.0225, 'grad_norm': 0.3624389171600342, 'learning_rate': 3.8955539872971075e-06, 'epoch': 20.63}
{'eval_loss': 0.1760680079460144, 'eval_precision': 0.7706766917293233, 'eval_recall': 0.8559040787924205, 'eval_f1': 0.8110575703778847, 'eval_accuracy': 0.9592690664734831, 'eval_runtime': 2.9656, 'eval_samples_per_second': 337.198, 'eval_steps_per_second': 10.79, 'epoch': 21.0}
{'loss': 0.0216, 'grad_norm': 0.5598121285438538, 'learning_rate': 3.1898376852505296e-06, 'epoch': 21.43}
{'eval_loss': 0.176638662815094, 'eval_precision': 0.7716299729625338, 'eval_recall': 0.8554758591157263, 'eval_f1': 0.8113925978575418, 'eval_accuracy': 0.959656266393545, 'eval_runtime': 2.9898, 'eval_samples_per_second': 334.469, 'eval_steps_per_second': 10.703, 'epoch': 22.0}
{'loss': 0.022, 'grad_norm': 0.5682626366615295, 'learning_rate': 2.4841213832039522e-06, 'epoch': 22.22}
{'eval_loss': 0.17847293615341187, 'eval_precision': 0.767479830964272, 'eval_recall': 0.8554758591157263, 'eval_f1': 0.8090922897787679, 'eval_accuracy': 0.959087956833454, 'eval_runtime': 3.1407, 'eval_samples_per_second': 318.4, 'eval_steps_per_second': 10.189, 'epoch': 23.0}
{'loss': 0.0202, 'grad_norm': 0.9573493599891663, 'learning_rate': 1.778405081157375e-06, 'epoch': 23.02}
{'loss': 0.0211, 'grad_norm': 0.5141675472259521, 'learning_rate': 1.0726887791107976e-06, 'epoch': 23.81}
{'eval_loss': 0.17887720465660095, 'eval_precision': 0.766590170204628, 'eval_recall': 0.8582592870142383, 'eval_f1': 0.8098388807515532, 'eval_accuracy': 0.9588756213934201, 'eval_runtime': 3.1397, 'eval_samples_per_second': 318.502, 'eval_steps_per_second': 10.192, 'epoch': 24.0}
{'loss': 0.0206, 'grad_norm': 0.6963915824890137, 'learning_rate': 3.6697247706422023e-07, 'epoch': 24.6}
{'eval_loss': 0.17845681309700012, 'eval_precision': 0.7692086054552439, 'eval_recall': 0.8574028476608501, 'eval_f1': 0.8109147977522402, 'eval_accuracy': 0.9590504858734481, 'eval_runtime': 2.9872, 'eval_samples_per_second': 334.757, 'eval_steps_per_second': 10.712, 'epoch': 25.0}
{'train_runtime': 186.6401, 'train_samples_per_second': 133.948, 'train_steps_per_second': 8.439, 'train_loss': 0.13930790749807206, 'epoch': 25.0}

Evaluating on test set...
Test Results: {'eval_loss': 0.1880919188261032, 'eval_precision': 0.7605882900493345, 'eval_recall': 0.8584786719899139, 'eval_f1': 0.8065742066038202, 'eval_accuracy': 0.9575907483603606, 'eval_runtime': 3.1832, 'eval_samples_per_second': 314.154, 'eval_steps_per_second': 10.053, 'epoch': 25.0}

Best model saved to /scratch/user/vinaysingh/Cognitive-Bridge/training/ner/output/best_model
Step 3: Exporting to ONNX...
Exporting model from /scratch/user/vinaysingh/Cognitive-Bridge/training/ner/output/best_model to ONNX...
ONNX model exported to /scratch/user/vinaysingh/Cognitive-Bridge/training/ner/onnx_model
Applying 8-bit dynamic quantization...
Original ONNX size:  248.8 MB
Quantized ONNX size: 62.6 MB
Compression ratio:   4.0x
Quantized model saved to /scratch/user/vinaysingh/Cognitive-Bridge/training/ner/onnx_quantized

Verifying quantized model...
Input: The patient was diagnosed with hypertension and prescribed lisinopril.
Predictions:
  The                  -> 0
  patient              -> 0
  was                  -> 0
  diagnosed            -> 0
  with                 -> 0
  h                    -> 3
  ##yper               -> 4
  ##tens               -> 4
  ##ion                -> 4
  and                  -> 0
  prescribed           -> 0
  l                    -> 1
  ##isi                -> 2
  ##no                 -> 2
  ##p                  -> 2
  ##ril                -> 2
  .                    -> 2
Verification complete.
=== Done ===
