=== Job Info ===
Job ID: 2973865
Node:   fc024
GPU:    NVIDIA A100-PCIE-40GB, 40960 MiB
Python: Python 3.12.3
PyTorch CUDA: available=True, device=NVIDIA A100-PCIE-40GB
================
Step 1: Preparing BC5CDR dataset...
Processed dataset already exists at /scratch/user/vinaysingh/Cognitive-Bridge/training/data/bc5cdr_processed, skipping preparation.
Delete the directory to re-prepare: rm -rf /scratch/user/vinaysingh/Cognitive-Bridge/training/data/bc5cdr_processed
Step 2: Fine-tuning DistilBERT NER...
Loading dataset from /scratch/user/vinaysingh/Cognitive-Bridge/training/data/bc5cdr_processed...
  train: 1000 examples
  validation: 1000 examples
  test: 1000 examples

Loading tokenizer: nlpie/distil-biobert
Tokenizing dataset...
Loading model: nlpie/distil-biobert

Starting training (early stopping patience=5)...
{'loss': 1.6469, 'grad_norm': 5.366598606109619, 'learning_rate': 6.20253164556962e-06, 'epoch': 0.79}
{'eval_loss': 1.0070819854736328, 'eval_precision': 0.0, 'eval_recall': 0.0, 'eval_f1': 0.0, 'eval_accuracy': 0.7594551722415128, 'eval_runtime': 3.3291, 'eval_samples_per_second': 300.385, 'eval_steps_per_second': 9.612, 'epoch': 1.0}
{'loss': 0.9637, 'grad_norm': 0.9412999749183655, 'learning_rate': 1.2531645569620255e-05, 'epoch': 1.59}
{'eval_loss': 0.803520143032074, 'eval_precision': 0.0, 'eval_recall': 0.0, 'eval_f1': 0.0, 'eval_accuracy': 0.7603482301216558, 'eval_runtime': 2.8771, 'eval_samples_per_second': 347.571, 'eval_steps_per_second': 11.122, 'epoch': 2.0}
{'loss': 0.8112, 'grad_norm': 2.3349976539611816, 'learning_rate': 1.886075949367089e-05, 'epoch': 2.38}
{'eval_loss': 0.7457876205444336, 'eval_precision': 0.14615384615384616, 'eval_recall': 0.026567233745047776, 'eval_f1': 0.044961546046144746, 'eval_accuracy': 0.7758362269241338, 'eval_runtime': 2.8636, 'eval_samples_per_second': 349.21, 'eval_steps_per_second': 11.175, 'epoch': 3.0}
{'loss': 0.7395, 'grad_norm': 0.8987507224082947, 'learning_rate': 1.942131263232181e-05, 'epoch': 3.17}
{'loss': 0.7126, 'grad_norm': 0.6746653318405151, 'learning_rate': 1.8715596330275232e-05, 'epoch': 3.97}
{'eval_loss': 0.7131402492523193, 'eval_precision': 0.37765634486945965, 'eval_recall': 0.07247727802377069, 'eval_f1': 0.12161501613060906, 'eval_accuracy': 0.7876083535260173, 'eval_runtime': 2.8833, 'eval_samples_per_second': 346.83, 'eval_steps_per_second': 11.099, 'epoch': 4.0}
{'loss': 0.6794, 'grad_norm': 1.084053874015808, 'learning_rate': 1.8009880028228654e-05, 'epoch': 4.76}
{'eval_loss': 0.6877238750457764, 'eval_precision': 0.34903169014084506, 'eval_recall': 0.09240270333255651, 'eval_f1': 0.1461212456237332, 'eval_accuracy': 0.7880267792460843, 'eval_runtime': 2.8556, 'eval_samples_per_second': 350.186, 'eval_steps_per_second': 11.206, 'epoch': 5.0}
{'loss': 0.6699, 'grad_norm': 0.9209261536598206, 'learning_rate': 1.7304163726182076e-05, 'epoch': 5.56}
{'eval_loss': 0.677693247795105, 'eval_precision': 0.4964747356051704, 'eval_recall': 0.09846189699370776, 'eval_f1': 0.16433294437961882, 'eval_accuracy': 0.790843346406535, 'eval_runtime': 2.8337, 'eval_samples_per_second': 352.893, 'eval_steps_per_second': 11.293, 'epoch': 6.0}
{'loss': 0.6352, 'grad_norm': 1.8712067604064941, 'learning_rate': 1.65984474241355e-05, 'epoch': 6.35}
{'eval_loss': 0.6564159989356995, 'eval_precision': 0.44328358208955226, 'eval_recall': 0.10382195292472617, 'eval_f1': 0.16824018126888218, 'eval_accuracy': 0.7920673977667307, 'eval_runtime': 2.8374, 'eval_samples_per_second': 352.44, 'eval_steps_per_second': 11.278, 'epoch': 7.0}
{'loss': 0.6164, 'grad_norm': 1.1122548580169678, 'learning_rate': 1.5892731122088923e-05, 'epoch': 7.14}
{'loss': 0.6026, 'grad_norm': 2.2094037532806396, 'learning_rate': 1.5187014820042344e-05, 'epoch': 7.94}
{'eval_loss': 0.6386802792549133, 'eval_precision': 0.3063274188148644, 'eval_recall': 0.10661850384525752, 'eval_f1': 0.15818134670239437, 'eval_accuracy': 0.790768404486523, 'eval_runtime': 2.8673, 'eval_samples_per_second': 348.76, 'eval_steps_per_second': 11.16, 'epoch': 8.0}
{'loss': 0.5741, 'grad_norm': 1.6113502979278564, 'learning_rate': 1.4481298517995768e-05, 'epoch': 8.73}
{'eval_loss': 0.6384727954864502, 'eval_precision': 0.319, 'eval_recall': 0.11151246795618737, 'eval_f1': 0.16525643239509583, 'eval_accuracy': 0.7907808948065249, 'eval_runtime': 2.8616, 'eval_samples_per_second': 349.459, 'eval_steps_per_second': 11.183, 'epoch': 9.0}
{'loss': 0.574, 'grad_norm': 1.1208837032318115, 'learning_rate': 1.377558221594919e-05, 'epoch': 9.52}
{'eval_loss': 0.6357165575027466, 'eval_precision': 0.17787264318747775, 'eval_recall': 0.11652295502213936, 'eval_f1': 0.140805406927626, 'eval_accuracy': 0.7807386775249182, 'eval_runtime': 2.9039, 'eval_samples_per_second': 344.368, 'eval_steps_per_second': 11.02, 'epoch': 10.0}
{'loss': 0.5599, 'grad_norm': 1.9094533920288086, 'learning_rate': 1.3069865913902613e-05, 'epoch': 10.32}
{'eval_loss': 0.6281151175498962, 'eval_precision': 0.2837370242214533, 'eval_recall': 0.11465858774178513, 'eval_f1': 0.1633195020746888, 'eval_accuracy': 0.7913929204866229, 'eval_runtime': 2.8692, 'eval_samples_per_second': 348.53, 'eval_steps_per_second': 11.153, 'epoch': 11.0}
{'loss': 0.5491, 'grad_norm': 1.417273998260498, 'learning_rate': 1.2364149611856035e-05, 'epoch': 11.11}
{'loss': 0.5374, 'grad_norm': 1.3854398727416992, 'learning_rate': 1.1658433309809458e-05, 'epoch': 11.9}
{'eval_loss': 0.6274973154067993, 'eval_precision': 0.23697916666666666, 'eval_recall': 0.1166394779771615, 'eval_f1': 0.15633296892081835, 'eval_accuracy': 0.7884576952861533, 'eval_runtime': 2.8675, 'eval_samples_per_second': 348.735, 'eval_steps_per_second': 11.16, 'epoch': 12.0}
{'train_runtime': 115.0033, 'train_samples_per_second': 217.385, 'train_steps_per_second': 13.695, 'train_loss': 0.7229872607680224, 'epoch': 12.0}

Evaluating on test set...
Test Results: {'eval_loss': 0.6377120614051819, 'eval_precision': 0.4646766169154229, 'eval_recall': 0.10735632183908046, 'eval_f1': 0.17441643323996264, 'eval_accuracy': 0.801194826354658, 'eval_runtime': 3.0525, 'eval_samples_per_second': 327.596, 'eval_steps_per_second': 10.483, 'epoch': 12.0}

Best model saved to /scratch/user/vinaysingh/Cognitive-Bridge/training/ner/output/best_model
Step 3: Exporting to ONNX...
Exporting model from /scratch/user/vinaysingh/Cognitive-Bridge/training/ner/output/best_model to ONNX...
ONNX model exported to /scratch/user/vinaysingh/Cognitive-Bridge/training/ner/onnx_model
Applying 8-bit dynamic quantization...
Original ONNX size:  248.8 MB
Quantized ONNX size: 62.6 MB
Compression ratio:   4.0x
Quantized model saved to /scratch/user/vinaysingh/Cognitive-Bridge/training/ner/onnx_quantized

Verifying quantized model...
Input: The patient was diagnosed with hypertension and prescribed lisinopril.
Predictions:
  The                  -> 0
  patient              -> 0
  was                  -> 0
  diagnosed            -> 0
  with                 -> 0
  h                    -> 3
  ##yper               -> 4
  ##tens               -> 4
  ##ion                -> 4
  and                  -> 0
  prescribed           -> 0
  l                    -> 1
  ##isi                -> 2
  ##no                 -> 2
  ##p                  -> 2
  ##ril                -> 2
  .                    -> 2
Verification complete.
=== Done ===
