=== Job Info ===
Job ID: 2975968
Node:   fc031
GPU:    NVIDIA A100-PCIE-40GB, 40960 MiB
Python: Python 3.12.3
PyTorch CUDA: available=True, device=NVIDIA A100-PCIE-40GB
================
Step 1: Preparing simplification dataset...
Dataset already exists at /scratch/user/vinaysingh/Cognitive-Bridge/training/data/simplification_pairs, skipping preparation.
Delete the directory to re-prepare: rm -rf /scratch/user/vinaysingh/Cognitive-Bridge/training/data/simplification_pairs
Step 2: Fine-tuning T5-small for simplification...
Loading dataset from /scratch/user/vinaysingh/Cognitive-Bridge/training/data/simplification_pairs...
  train: 3593 examples
  validation: 411 examples
  test: 480 examples

Loading tokenizer: google/flan-t5-small
Tokenizing dataset...
Loading model: google/flan-t5-small

Starting training (early stopping patience=3)...
{'loss': 3.001, 'grad_norm': 1.6284174919128418, 'learning_rate': 2.7222222222222224e-06, 'epoch': 0.11}
{'loss': 2.942, 'grad_norm': 1.6965962648391724, 'learning_rate': 5.500000000000001e-06, 'epoch': 0.22}
{'loss': 2.871, 'grad_norm': 1.5163863897323608, 'learning_rate': 8.27777777777778e-06, 'epoch': 0.33}
{'loss': 2.8541, 'grad_norm': 1.459802508354187, 'learning_rate': 1.1055555555555556e-05, 'epoch': 0.44}
{'loss': 2.7973, 'grad_norm': 1.6931777000427246, 'learning_rate': 1.3833333333333334e-05, 'epoch': 0.56}
{'loss': 2.8317, 'grad_norm': 1.4271605014801025, 'learning_rate': 1.661111111111111e-05, 'epoch': 0.67}
{'loss': 2.7804, 'grad_norm': 1.138830304145813, 'learning_rate': 1.938888888888889e-05, 'epoch': 0.78}
{'loss': 2.783, 'grad_norm': 1.333509087562561, 'learning_rate': 2.216666666666667e-05, 'epoch': 0.89}
{'loss': 2.7442, 'grad_norm': 3.470046281814575, 'learning_rate': 2.4944444444444447e-05, 'epoch': 1.0}
{'eval_loss': 2.511420726776123, 'eval_rouge1': 35.2778, 'eval_rouge2': 12.3782, 'eval_rougeL': 21.4787, 'eval_rougeLsum': 31.7219, 'eval_runtime': 101.7122, 'eval_samples_per_second': 4.041, 'eval_steps_per_second': 0.256, 'epoch': 1.0}
{'loss': 2.7322, 'grad_norm': 1.1555168628692627, 'learning_rate': 2.772222222222222e-05, 'epoch': 1.11}
{'loss': 2.7228, 'grad_norm': 1.1968591213226318, 'learning_rate': 3.05e-05, 'epoch': 1.22}
{'loss': 2.6752, 'grad_norm': 1.2002267837524414, 'learning_rate': 3.327777777777778e-05, 'epoch': 1.33}
{'loss': 2.6433, 'grad_norm': 1.2794357538223267, 'learning_rate': 3.605555555555556e-05, 'epoch': 1.44}
{'loss': 2.6435, 'grad_norm': 1.635297417640686, 'learning_rate': 3.883333333333333e-05, 'epoch': 1.56}
{'loss': 2.6312, 'grad_norm': 1.2928407192230225, 'learning_rate': 4.1611111111111114e-05, 'epoch': 1.67}
{'loss': 2.6735, 'grad_norm': 1.1447571516036987, 'learning_rate': 4.438888888888889e-05, 'epoch': 1.78}
{'loss': 2.64, 'grad_norm': 1.0988214015960693, 'learning_rate': 4.716666666666667e-05, 'epoch': 1.89}
{'loss': 2.6168, 'grad_norm': 3.655992031097412, 'learning_rate': 4.994444444444445e-05, 'epoch': 2.0}
{'eval_loss': 2.4125051498413086, 'eval_rouge1': 36.8018, 'eval_rouge2': 13.1856, 'eval_rougeL': 22.2414, 'eval_rougeLsum': 33.2115, 'eval_runtime': 88.9558, 'eval_samples_per_second': 4.62, 'eval_steps_per_second': 0.292, 'epoch': 2.0}
{'loss': 2.6, 'grad_norm': 1.1711241006851196, 'learning_rate': 4.969753086419753e-05, 'epoch': 2.11}
{'loss': 2.6009, 'grad_norm': 1.517890453338623, 'learning_rate': 4.938888888888889e-05, 'epoch': 2.22}
{'loss': 2.594, 'grad_norm': 1.0522680282592773, 'learning_rate': 4.9080246913580244e-05, 'epoch': 2.33}
{'loss': 2.544, 'grad_norm': 1.17116117477417, 'learning_rate': 4.8771604938271606e-05, 'epoch': 2.44}
{'loss': 2.5279, 'grad_norm': 1.3865588903427124, 'learning_rate': 4.846296296296297e-05, 'epoch': 2.56}
{'loss': 2.5213, 'grad_norm': 1.2813153266906738, 'learning_rate': 4.8154320987654324e-05, 'epoch': 2.67}
{'loss': 2.5098, 'grad_norm': 1.2764551639556885, 'learning_rate': 4.784567901234568e-05, 'epoch': 2.78}
{'loss': 2.5437, 'grad_norm': 1.3862886428833008, 'learning_rate': 4.753703703703704e-05, 'epoch': 2.89}
{'loss': 2.5003, 'grad_norm': 5.441556453704834, 'learning_rate': 4.7228395061728396e-05, 'epoch': 3.0}
{'eval_loss': 2.3536107540130615, 'eval_rouge1': 37.3129, 'eval_rouge2': 13.253, 'eval_rougeL': 22.4408, 'eval_rougeLsum': 33.5801, 'eval_runtime': 92.3856, 'eval_samples_per_second': 4.449, 'eval_steps_per_second': 0.281, 'epoch': 3.0}
{'loss': 2.4752, 'grad_norm': 1.2902028560638428, 'learning_rate': 4.691975308641975e-05, 'epoch': 3.11}
{'loss': 2.5281, 'grad_norm': 1.4585952758789062, 'learning_rate': 4.6611111111111114e-05, 'epoch': 3.22}
{'loss': 2.4541, 'grad_norm': 1.3587496280670166, 'learning_rate': 4.6302469135802476e-05, 'epoch': 3.33}
{'loss': 2.4698, 'grad_norm': 1.257049560546875, 'learning_rate': 4.599382716049383e-05, 'epoch': 3.44}
{'loss': 2.484, 'grad_norm': 1.2051632404327393, 'learning_rate': 4.568518518518519e-05, 'epoch': 3.56}
{'loss': 2.5086, 'grad_norm': 1.3765672445297241, 'learning_rate': 4.537654320987654e-05, 'epoch': 3.67}
{'loss': 2.4716, 'grad_norm': 1.3682379722595215, 'learning_rate': 4.5067901234567904e-05, 'epoch': 3.78}
{'loss': 2.4736, 'grad_norm': 1.748607873916626, 'learning_rate': 4.475925925925926e-05, 'epoch': 3.89}
{'loss': 2.4747, 'grad_norm': 2.881629705429077, 'learning_rate': 4.445061728395062e-05, 'epoch': 4.0}
{'eval_loss': 2.3203284740448, 'eval_rouge1': 38.8101, 'eval_rouge2': 14.056, 'eval_rougeL': 23.2045, 'eval_rougeLsum': 35.0533, 'eval_runtime': 93.9329, 'eval_samples_per_second': 4.375, 'eval_steps_per_second': 0.277, 'epoch': 4.0}
{'loss': 2.4212, 'grad_norm': 1.1565985679626465, 'learning_rate': 4.414197530864198e-05, 'epoch': 4.11}
{'loss': 2.4426, 'grad_norm': 1.0621941089630127, 'learning_rate': 4.383333333333334e-05, 'epoch': 4.22}
{'loss': 2.4671, 'grad_norm': 1.3646438121795654, 'learning_rate': 4.3524691358024695e-05, 'epoch': 4.33}
{'loss': 2.392, 'grad_norm': 1.0822032690048218, 'learning_rate': 4.321604938271605e-05, 'epoch': 4.44}
{'loss': 2.4554, 'grad_norm': 1.2676279544830322, 'learning_rate': 4.2907407407407406e-05, 'epoch': 4.56}
{'loss': 2.4783, 'grad_norm': 1.46290922164917, 'learning_rate': 4.259876543209877e-05, 'epoch': 4.67}
{'loss': 2.4213, 'grad_norm': 1.2337738275527954, 'learning_rate': 4.229012345679012e-05, 'epoch': 4.78}
{'loss': 2.3918, 'grad_norm': 1.3900874853134155, 'learning_rate': 4.1981481481481485e-05, 'epoch': 4.89}
{'loss': 2.3934, 'grad_norm': 4.313534736633301, 'learning_rate': 4.167283950617284e-05, 'epoch': 5.0}
{'eval_loss': 2.2913105487823486, 'eval_rouge1': 37.662, 'eval_rouge2': 13.5277, 'eval_rougeL': 22.7709, 'eval_rougeLsum': 34.0254, 'eval_runtime': 93.2024, 'eval_samples_per_second': 4.41, 'eval_steps_per_second': 0.279, 'epoch': 5.0}
{'loss': 2.3926, 'grad_norm': 0.9925194978713989, 'learning_rate': 4.13641975308642e-05, 'epoch': 5.11}
{'loss': 2.4662, 'grad_norm': 1.161779522895813, 'learning_rate': 4.105555555555556e-05, 'epoch': 5.22}
{'loss': 2.4019, 'grad_norm': 1.565504789352417, 'learning_rate': 4.0746913580246914e-05, 'epoch': 5.33}
{'loss': 2.3814, 'grad_norm': 1.2214322090148926, 'learning_rate': 4.043827160493827e-05, 'epoch': 5.44}
{'loss': 2.3927, 'grad_norm': 1.4462218284606934, 'learning_rate': 4.012962962962963e-05, 'epoch': 5.56}
{'loss': 2.3396, 'grad_norm': 1.2103888988494873, 'learning_rate': 3.982098765432099e-05, 'epoch': 5.67}
{'loss': 2.3865, 'grad_norm': 1.4808090925216675, 'learning_rate': 3.951234567901235e-05, 'epoch': 5.78}
{'loss': 2.427, 'grad_norm': 1.1338917016983032, 'learning_rate': 3.9203703703703704e-05, 'epoch': 5.89}
{'loss': 2.3551, 'grad_norm': 5.855660438537598, 'learning_rate': 3.8895061728395066e-05, 'epoch': 6.0}
{'eval_loss': 2.277932643890381, 'eval_rouge1': 36.5648, 'eval_rouge2': 13.2023, 'eval_rougeL': 22.4434, 'eval_rougeLsum': 32.9291, 'eval_runtime': 86.009, 'eval_samples_per_second': 4.779, 'eval_steps_per_second': 0.302, 'epoch': 6.0}
{'loss': 2.3536, 'grad_norm': 1.129539966583252, 'learning_rate': 3.858641975308642e-05, 'epoch': 6.11}
{'loss': 2.4077, 'grad_norm': 1.230971336364746, 'learning_rate': 3.827777777777778e-05, 'epoch': 6.22}
{'loss': 2.321, 'grad_norm': 1.2502208948135376, 'learning_rate': 3.796913580246914e-05, 'epoch': 6.33}
{'loss': 2.3748, 'grad_norm': 1.105644702911377, 'learning_rate': 3.76604938271605e-05, 'epoch': 6.44}
{'loss': 2.3598, 'grad_norm': 1.5675013065338135, 'learning_rate': 3.7351851851851857e-05, 'epoch': 6.56}
{'loss': 2.359, 'grad_norm': 1.0419729948043823, 'learning_rate': 3.704320987654321e-05, 'epoch': 6.67}
{'loss': 2.3809, 'grad_norm': 1.4529062509536743, 'learning_rate': 3.673456790123457e-05, 'epoch': 6.78}
{'loss': 2.3618, 'grad_norm': 1.4754250049591064, 'learning_rate': 3.642592592592593e-05, 'epoch': 6.89}
{'loss': 2.345, 'grad_norm': 2.7521655559539795, 'learning_rate': 3.6117283950617285e-05, 'epoch': 7.0}
{'eval_loss': 2.257678508758545, 'eval_rouge1': 34.7687, 'eval_rouge2': 11.886, 'eval_rougeL': 21.5502, 'eval_rougeLsum': 31.1552, 'eval_runtime': 88.8121, 'eval_samples_per_second': 4.628, 'eval_steps_per_second': 0.293, 'epoch': 7.0}
{'train_runtime': 947.1977, 'train_samples_per_second': 75.866, 'train_steps_per_second': 9.502, 'train_loss': 2.5322911604623948, 'epoch': 7.0}

Evaluating on test set...
Test Results: {'eval_loss': 2.328528881072998, 'eval_rouge1': 39.1297, 'eval_rouge2': 14.2478, 'eval_rougeL': 22.8731, 'eval_rougeLsum': 35.7241, 'eval_runtime': 110.7657, 'eval_samples_per_second': 4.333, 'eval_steps_per_second': 0.271, 'epoch': 7.0}

Best model saved to /scratch/user/vinaysingh/Cognitive-Bridge/training/simplification/output/best_model

Sample predictions:
  Input:  Simplify this medical text for a patient: The patient presents with acute myocardial infarction with ST-segment elevation.
  Output: The patient presents with acute myocardial infarction with ST-segment elevation.

  Input:  Simplify this medical text for a patient: Labs reveal elevated creatinine at 2.8 mg/dL suggestive of acute kidney injury.
  Output: The results of this review suggest that creatinine is a potential risk factor for acute kidney injury.

Step 3: Exporting to ONNX...
Error: Model not found at /scratch/user/vinaysingh/Cognitive-Bridge/training/simplification/output/best_model
Run finetune_t5.py first to train the model.
=== Done ===
