=== Job Info ===
Job ID: 2975987
Node:   fc031
GPU:    NVIDIA A100-PCIE-40GB, 40960 MiB
Python: Python 3.12.3
PyTorch CUDA: available=True, device=NVIDIA A100-PCIE-40GB
================
Step 1: Preparing simplification dataset...
Dataset already exists at /scratch/user/vinaysingh/Cognitive-Bridge/training/data/simplification_pairs, skipping preparation.
Delete the directory to re-prepare: rm -rf /scratch/user/vinaysingh/Cognitive-Bridge/training/data/simplification_pairs
Step 2: Fine-tuning T5-small for simplification...
Loading dataset from /scratch/user/vinaysingh/Cognitive-Bridge/training/data/simplification_pairs...
  train: 3593 examples
  validation: 411 examples
  test: 480 examples

Loading tokenizer: google/flan-t5-small
Tokenizing dataset...
Loading model: google/flan-t5-small

Starting training (early stopping patience=5)...
{'loss': 2.9277, 'grad_norm': 1.300217628479004, 'learning_rate': 3.6296296296296295e-05, 'epoch': 0.22}
{'loss': 2.7757, 'grad_norm': 1.0261279344558716, 'learning_rate': 7.333333333333332e-05, 'epoch': 0.44}
{'loss': 2.6986, 'grad_norm': 0.9248961806297302, 'learning_rate': 0.00011037037037037036, 'epoch': 0.67}
{'loss': 2.6597, 'grad_norm': 0.9377539753913879, 'learning_rate': 0.0001474074074074074, 'epoch': 0.89}
{'eval_loss': 2.4109785556793213, 'eval_rouge1': 37.7928, 'eval_rouge2': 13.4818, 'eval_rougeL': 22.4168, 'eval_rougeLsum': 34.1715, 'eval_runtime': 59.6239, 'eval_samples_per_second': 6.893, 'eval_steps_per_second': 0.218, 'epoch': 1.0}
{'loss': 2.5971, 'grad_norm': 1.056152105331421, 'learning_rate': 0.00018444444444444443, 'epoch': 1.11}
{'loss': 2.5465, 'grad_norm': 1.0212562084197998, 'learning_rate': 0.00022148148148148146, 'epoch': 1.33}
{'loss': 2.4983, 'grad_norm': 1.054458498954773, 'learning_rate': 0.0002585185185185185, 'epoch': 1.56}
{'loss': 2.4969, 'grad_norm': 0.8271147608757019, 'learning_rate': 0.0002955555555555555, 'epoch': 1.78}
{'loss': 2.4769, 'grad_norm': 1.1294456720352173, 'learning_rate': 0.00029791962174940896, 'epoch': 2.0}
{'eval_loss': 2.286353588104248, 'eval_rouge1': 34.5052, 'eval_rouge2': 11.68, 'eval_rougeL': 21.2024, 'eval_rougeLsum': 30.8102, 'eval_runtime': 52.4816, 'eval_samples_per_second': 7.831, 'eval_steps_per_second': 0.248, 'epoch': 2.0}
{'loss': 2.4113, 'grad_norm': 1.0113637447357178, 'learning_rate': 0.0002955555555555555, 'epoch': 2.22}
{'loss': 2.3854, 'grad_norm': 0.7541911602020264, 'learning_rate': 0.0002931914893617021, 'epoch': 2.44}
{'loss': 2.3528, 'grad_norm': 1.2003601789474487, 'learning_rate': 0.00029082742316784865, 'epoch': 2.67}
{'loss': 2.3513, 'grad_norm': 0.8511295318603516, 'learning_rate': 0.0002884633569739952, 'epoch': 2.89}
{'eval_loss': 2.2407190799713135, 'eval_rouge1': 37.2341, 'eval_rouge2': 13.2215, 'eval_rougeL': 22.3275, 'eval_rougeLsum': 33.5151, 'eval_runtime': 52.5521, 'eval_samples_per_second': 7.821, 'eval_steps_per_second': 0.247, 'epoch': 3.0}
{'loss': 2.306, 'grad_norm': 0.7671291828155518, 'learning_rate': 0.0002860992907801418, 'epoch': 3.11}
{'loss': 2.2801, 'grad_norm': 0.8960295915603638, 'learning_rate': 0.0002837352245862884, 'epoch': 3.33}
{'loss': 2.2751, 'grad_norm': 0.875993549823761, 'learning_rate': 0.00028137115839243495, 'epoch': 3.56}
{'loss': 2.2901, 'grad_norm': 0.8634150624275208, 'learning_rate': 0.0002790070921985815, 'epoch': 3.78}
{'loss': 2.2776, 'grad_norm': 1.1160194873809814, 'learning_rate': 0.00027664302600472813, 'epoch': 4.0}
{'eval_loss': 2.2139666080474854, 'eval_rouge1': 35.6898, 'eval_rouge2': 12.2846, 'eval_rougeL': 22.0454, 'eval_rougeLsum': 32.0713, 'eval_runtime': 56.684, 'eval_samples_per_second': 7.251, 'eval_steps_per_second': 0.229, 'epoch': 4.0}
{'loss': 2.1989, 'grad_norm': 0.9121907353401184, 'learning_rate': 0.0002742789598108747, 'epoch': 4.22}
{'loss': 2.2058, 'grad_norm': 0.9265441298484802, 'learning_rate': 0.00027191489361702125, 'epoch': 4.44}
{'loss': 2.2437, 'grad_norm': 0.8884719610214233, 'learning_rate': 0.0002695508274231678, 'epoch': 4.67}
{'loss': 2.1948, 'grad_norm': 0.959506630897522, 'learning_rate': 0.0002671867612293144, 'epoch': 4.89}
{'eval_loss': 2.1962523460388184, 'eval_rouge1': 36.8076, 'eval_rouge2': 13.1058, 'eval_rougeL': 22.5112, 'eval_rougeLsum': 33.2165, 'eval_runtime': 53.0501, 'eval_samples_per_second': 7.747, 'eval_steps_per_second': 0.245, 'epoch': 5.0}
{'loss': 2.1684, 'grad_norm': 0.76103276014328, 'learning_rate': 0.000264822695035461, 'epoch': 5.11}
{'loss': 2.1797, 'grad_norm': 0.8788624405860901, 'learning_rate': 0.00026245862884160756, 'epoch': 5.33}
{'loss': 2.1503, 'grad_norm': 0.8952909111976624, 'learning_rate': 0.0002600945626477541, 'epoch': 5.56}
{'loss': 2.1323, 'grad_norm': 0.7186450958251953, 'learning_rate': 0.0002577304964539007, 'epoch': 5.78}
{'loss': 2.1661, 'grad_norm': 1.0786139965057373, 'learning_rate': 0.00025536643026004724, 'epoch': 6.0}
{'eval_loss': 2.173219680786133, 'eval_rouge1': 35.1289, 'eval_rouge2': 12.4042, 'eval_rougeL': 21.9803, 'eval_rougeLsum': 31.633, 'eval_runtime': 53.4293, 'eval_samples_per_second': 7.692, 'eval_steps_per_second': 0.243, 'epoch': 6.0}
{'loss': 2.1097, 'grad_norm': 0.7871165871620178, 'learning_rate': 0.0002530023640661938, 'epoch': 6.22}
{'loss': 2.0896, 'grad_norm': 0.9569706320762634, 'learning_rate': 0.0002506382978723404, 'epoch': 6.44}
{'loss': 2.1058, 'grad_norm': 0.7546140551567078, 'learning_rate': 0.000248274231678487, 'epoch': 6.67}
{'loss': 2.1215, 'grad_norm': 0.8510786890983582, 'learning_rate': 0.00024591016548463355, 'epoch': 6.89}
{'eval_loss': 2.1689021587371826, 'eval_rouge1': 35.9845, 'eval_rouge2': 12.5271, 'eval_rougeL': 22.2766, 'eval_rougeLsum': 32.3115, 'eval_runtime': 55.6486, 'eval_samples_per_second': 7.386, 'eval_steps_per_second': 0.234, 'epoch': 7.0}
{'loss': 2.0711, 'grad_norm': 0.8800578117370605, 'learning_rate': 0.0002435460992907801, 'epoch': 7.11}
{'loss': 2.0459, 'grad_norm': 0.9730330109596252, 'learning_rate': 0.0002411820330969267, 'epoch': 7.33}
{'loss': 2.062, 'grad_norm': 0.8626814484596252, 'learning_rate': 0.0002388179669030733, 'epoch': 7.56}
{'loss': 2.0746, 'grad_norm': 0.846401572227478, 'learning_rate': 0.00023645390070921985, 'epoch': 7.78}
{'loss': 2.0682, 'grad_norm': 1.0839272737503052, 'learning_rate': 0.0002340898345153664, 'epoch': 8.0}
{'eval_loss': 2.167783260345459, 'eval_rouge1': 37.7117, 'eval_rouge2': 13.6155, 'eval_rougeL': 23.2917, 'eval_rougeLsum': 33.9484, 'eval_runtime': 54.0469, 'eval_samples_per_second': 7.605, 'eval_steps_per_second': 0.241, 'epoch': 8.0}
{'loss': 2.0126, 'grad_norm': 1.031151533126831, 'learning_rate': 0.00023172576832151297, 'epoch': 8.22}
{'loss': 2.0276, 'grad_norm': 0.7909303307533264, 'learning_rate': 0.00022936170212765956, 'epoch': 8.44}
{'loss': 2.0277, 'grad_norm': 0.9292057156562805, 'learning_rate': 0.00022699763593380613, 'epoch': 8.67}
{'loss': 2.0339, 'grad_norm': 0.9513734579086304, 'learning_rate': 0.0002246335697399527, 'epoch': 8.89}
{'eval_loss': 2.160888910293579, 'eval_rouge1': 34.9203, 'eval_rouge2': 11.992, 'eval_rougeL': 22.1356, 'eval_rougeLsum': 31.1915, 'eval_runtime': 52.1404, 'eval_samples_per_second': 7.883, 'eval_steps_per_second': 0.249, 'epoch': 9.0}
{'loss': 1.9946, 'grad_norm': 0.8463287949562073, 'learning_rate': 0.00022226950354609925, 'epoch': 9.11}
{'loss': 1.9834, 'grad_norm': 0.9429770112037659, 'learning_rate': 0.00021990543735224584, 'epoch': 9.33}
{'loss': 1.9801, 'grad_norm': 0.8055622577667236, 'learning_rate': 0.00021754137115839243, 'epoch': 9.56}
{'loss': 2.0055, 'grad_norm': 0.7923718094825745, 'learning_rate': 0.000215177304964539, 'epoch': 9.78}
{'loss': 1.9831, 'grad_norm': 0.9710484743118286, 'learning_rate': 0.00021281323877068558, 'epoch': 10.0}
{'eval_loss': 2.1597094535827637, 'eval_rouge1': 35.1562, 'eval_rouge2': 12.4358, 'eval_rougeL': 22.4161, 'eval_rougeLsum': 31.6291, 'eval_runtime': 52.9155, 'eval_samples_per_second': 7.767, 'eval_steps_per_second': 0.246, 'epoch': 10.0}
{'loss': 1.9389, 'grad_norm': 0.9702550172805786, 'learning_rate': 0.00021044917257683214, 'epoch': 10.22}
{'loss': 1.9575, 'grad_norm': 1.03939688205719, 'learning_rate': 0.0002080851063829787, 'epoch': 10.44}
{'loss': 1.957, 'grad_norm': 0.9982427954673767, 'learning_rate': 0.00020572104018912527, 'epoch': 10.67}
{'loss': 1.9542, 'grad_norm': 0.9814651608467102, 'learning_rate': 0.00020335697399527186, 'epoch': 10.89}
{'eval_loss': 2.1565468311309814, 'eval_rouge1': 36.5745, 'eval_rouge2': 12.8906, 'eval_rougeL': 22.4912, 'eval_rougeLsum': 32.8936, 'eval_runtime': 53.44, 'eval_samples_per_second': 7.691, 'eval_steps_per_second': 0.243, 'epoch': 11.0}
{'loss': 1.9522, 'grad_norm': 0.9389828443527222, 'learning_rate': 0.00020099290780141842, 'epoch': 11.11}
{'loss': 1.9508, 'grad_norm': 0.8153075575828552, 'learning_rate': 0.00019862884160756498, 'epoch': 11.33}
{'loss': 1.9344, 'grad_norm': 0.8768353462219238, 'learning_rate': 0.00019626477541371154, 'epoch': 11.56}
{'loss': 1.9108, 'grad_norm': 0.9512955546379089, 'learning_rate': 0.00019390070921985816, 'epoch': 11.78}
{'loss': 1.9158, 'grad_norm': 1.3950103521347046, 'learning_rate': 0.00019153664302600472, 'epoch': 12.0}
{'eval_loss': 2.1455600261688232, 'eval_rouge1': 36.1554, 'eval_rouge2': 12.6593, 'eval_rougeL': 22.6446, 'eval_rougeLsum': 32.3785, 'eval_runtime': 53.8232, 'eval_samples_per_second': 7.636, 'eval_steps_per_second': 0.242, 'epoch': 12.0}
{'loss': 1.891, 'grad_norm': 0.885909914970398, 'learning_rate': 0.00018917257683215128, 'epoch': 12.22}
{'loss': 1.9167, 'grad_norm': 0.7514932155609131, 'learning_rate': 0.00018680851063829787, 'epoch': 12.44}
{'loss': 1.8967, 'grad_norm': 0.8936572074890137, 'learning_rate': 0.00018444444444444443, 'epoch': 12.67}
{'loss': 1.8935, 'grad_norm': 0.8928811550140381, 'learning_rate': 0.000182080378250591, 'epoch': 12.89}
{'eval_loss': 2.1586861610412598, 'eval_rouge1': 37.1009, 'eval_rouge2': 13.3194, 'eval_rougeL': 23.1124, 'eval_rougeLsum': 33.5158, 'eval_runtime': 53.3596, 'eval_samples_per_second': 7.702, 'eval_steps_per_second': 0.244, 'epoch': 13.0}
{'train_runtime': 1088.0215, 'train_samples_per_second': 99.07, 'train_steps_per_second': 6.204, 'train_loss': 2.172086691571097, 'epoch': 13.0}

Evaluating on test set...
Test Results: {'eval_loss': 2.1817963123321533, 'eval_rouge1': 38.1902, 'eval_rouge2': 13.7132, 'eval_rougeL': 22.8647, 'eval_rougeLsum': 34.8507, 'eval_runtime': 61.0174, 'eval_samples_per_second': 7.867, 'eval_steps_per_second': 0.246, 'epoch': 13.0}

Best model saved to /scratch/user/vinaysingh/Cognitive-Bridge/training/simplification/output/best_model

Sample predictions:
  Input:  Simplify this medical text for a patient: The patient presents with acute myocardial infarction with ST-segment elevation.
  Output: The patient is experiencing a heart attack.

  Input:  Simplify this medical text for a patient: Labs reveal elevated creatinine at 2.8 mg/dL suggestive of acute kidney injury.
  Output: The kidneys are unable to function properly due to the kidneys being pumped up.

Step 3: Exporting to ONNX...
Exporting T5 model from /scratch/user/vinaysingh/Cognitive-Bridge/training/simplification/output/best_model to ONNX...
ONNX model exported to /scratch/user/vinaysingh/Cognitive-Bridge/training/simplification/onnx_model
Generated 2 ONNX files:
  decoder_model.onnx: 221.8 MB
  encoder_model.onnx: 134.9 MB

Applying 8-bit dynamic quantization...
  Quantizing decoder_model.onnx -> decoder_model_quantized.onnx
  Quantizing encoder_model.onnx -> encoder_model_quantized.onnx

Original total size:  356.7 MB
Quantized total size: 89.8 MB
Compression ratio:    4.0x
Quantized model saved to /scratch/user/vinaysingh/Cognitive-Bridge/training/simplification/onnx_quantized
  Copied decoder_model_quantized.onnx -> onnx/decoder_model_quantized.onnx
  Copied encoder_model_quantized.onnx -> onnx/encoder_model_quantized.onnx

Model ready for Transformers.js at /scratch/user/vinaysingh/Cognitive-Bridge/training/simplification/onnx_quantized
Files in onnx/ subdirectory:
  decoder_model_quantized.onnx: 55.9 MB
  encoder_model_quantized.onnx: 34.0 MB
=== Done ===
